<?xml version="1.0" encoding="UTF-8"?>
<!-- Generated by org.testng.reporters.JUnitReportReporter -->
<testsuite name="com.test.cuk.test" tests="1" time="15.508" ignored="0" failures="0" timestamp="24 Feb 2017 10:49:24 GMT" skipped="0" hostname="Arsandy" errors="0">
  <testcase name="qluelogin" time="15.508" classname="com.test.cuk.test"/>
</testsuite> <!-- com.test.cuk.test -->
